TN:
SF:src\repository\mock.catalog.repository.ts
FN:5,MockCatalogRepository
FN:6,create
FN:10,findOne
FN:13,find
FN:16,update
FN:20,delete
FNF:6
FNH:3
FNDA:4,MockCatalogRepository
FNDA:1,create
FNDA:0,findOne
FNDA:0,find
FNDA:1,update
FNDA:0,delete
DA:1,1
DA:2,1
DA:3,1
DA:4,1
DA:5,1
DA:6,1
DA:7,1
DA:8,1
DA:9,1
DA:10,1
DA:11,0
DA:12,0
DA:13,1
DA:14,0
DA:15,0
DA:16,1
DA:17,1
DA:18,1
DA:19,1
DA:20,1
DA:21,0
DA:22,0
DA:23,1
LF:23
LH:17
BRDA:5,0,0,4
BRDA:6,1,0,1
BRDA:16,2,0,1
BRF:3
BRH:3
end_of_record
TN:
SF:src\service\catalog.service.ts
FN:6,CatalogService
FN:10,createProduct
FN:13,getProduct
FN:14,getProducts
FN:15,updateProduct
FN:20,deleteProduct
FNF:6
FNH:3
FNDA:4,CatalogService
FNDA:2,createProduct
FNDA:0,getProduct
FNDA:0,getProducts
FNDA:2,updateProduct
FNDA:0,deleteProduct
DA:1,1
DA:2,1
DA:3,1
DA:4,1
DA:5,1
DA:6,1
DA:7,4
DA:8,4
DA:9,1
DA:10,1
DA:11,2
DA:12,2
DA:13,1
DA:14,1
DA:15,1
DA:16,2
DA:17,1
DA:18,1
DA:19,1
DA:20,1
DA:21,1
LF:21
LH:21
BRDA:6,0,0,4
BRDA:10,1,0,2
BRDA:15,2,0,2
BRDA:17,3,0,1
BRF:4
BRH:4
end_of_record
